<?xml version="1.0" encoding="UTF-8"?>
<!-- Generated by org.testng.reporters.JUnitReportReporter -->
<testsuite skipped="0" hostname="wh-pc-wanghy" name="com.autotest.mysoft.MonkeyTest" tests="4" failures="0" timestamp="03 Jun 2021 04:03:20 GMT" time="1.332" errors="0">
  <testcase name="testLoginPage" time="0.024" classname="com.autotest.mysoft.MonkeyTest"/>
  <testcase name="testLoginPage" time="0.844" classname="com.autotest.mysoft.MonkeyTest"/>
  <testcase name="testLoginERP" time="0.287" classname="com.autotest.mysoft.MonkeyTest"/>
  <testcase name="testLoginERP" time="0.177" classname="com.autotest.mysoft.MonkeyTest"/>
</testsuite> <!-- com.autotest.mysoft.MonkeyTest -->
